<?xml version="1.0" encoding="UTF-8"?>
<testsuite name="com.example.onna.OnnaApplicationTests" tests="1" skipped="0" failures="0" errors="0" timestamp="2024-08-26T08:59:46" hostname="dgsw68ui-MacBookAir.local" time="0.009">
  <properties/>
  <testcase name="contextLoads()" classname="com.example.onna.OnnaApplicationTests" time="0.009"/>
  <system-out><![CDATA[]]></system-out>
  <system-err><![CDATA[]]></system-err>
</testsuite>
